[2026-03-19 21:04:19] ========================================
[2026-03-19 21:04:19] 自动训练脚本启动（标记文件控制）
[2026-03-19 21:04:19] ========================================
[2026-03-19 21:04:19] 检测到训练标记文件，准备运行训练...
[2026-03-19 21:04:19] 拉取最新代码...
来自 github.com:KyleCream/EEGTokenizer
 * branch            main       -> FETCH_HEAD
已经是最新的。
[2026-03-19 21:04:25] 代码更新完成
[2026-03-19 21:04:25] 激活 Conda 环境: mamba_cuda121
[2026-03-19 21:04:26] Python 版本: Python 3.11.11
[2026-03-19 21:04:26] Python 路径: /home/zengkai/conda/envs/mamba_cuda121/bin/python
[2026-03-19 21:04:26] 开始训练...
[2026-03-19 21:04:26] 训练脚本: train.py
[2026-03-19 21:04:26] 训练参数: --config eegtokenizer_v2/configs/experiments.yaml::adc_4bit
[2026-03-19 21:04:30] 错误：训练失败，查看日志: /home/zengkai/EEGTokenizer/eegtokenizer_v2/logs/train_20260319.log
[2026-03-19 21:04:30] 保留训练标记文件以便下次重试
下列路径根据您的一个 .gitignore 文件而被忽略：
eegtokenizer_v2/logs
提示：如果您确实要添加它们，使用 -f 参数。
提示：运行下面的命令来关闭本消息
提示："git config advice.addIgnoredFile false"
位于分支 main
您的分支与上游分支 'origin/main' 一致。

尚未暂存以备提交的变更：
  （使用 "git add <文件>..." 更新要提交的内容）
  （使用 "git restore <文件>..." 丢弃工作区的改动）
	修改：     .needs_training

修改尚未加入提交（使用 "git add" 和/或 "git commit -a"）
Everything up-to-date
[2026-03-19 21:08:40] ========================================
[2026-03-19 21:08:40] 自动训练脚本启动（标记文件控制）
[2026-03-19 21:08:40] ========================================
[2026-03-19 21:08:40] 检测到训练标记文件，准备运行训练...
[2026-03-19 21:08:40] 拉取最新代码...
来自 github.com:KyleCream/EEGTokenizer
 * branch            main       -> FETCH_HEAD
已经是最新的。
[2026-03-19 21:08:46] 代码更新完成
[2026-03-19 21:08:46] 激活 Conda 环境: mamba_cuda121
[2026-03-19 21:08:47] Python 版本: Python 3.11.11
[2026-03-19 21:08:47] Python 路径: /home/zengkai/conda/envs/mamba_cuda121/bin/python
[2026-03-19 21:08:47] 开始训练...
[2026-03-19 21:08:47] 训练脚本: train.py
[2026-03-19 21:08:47] 训练参数: --config eegtokenizer_v2/configs/experiments.yaml::adc_4bit
[2026-03-19 21:08:52] 错误：训练失败，查看日志: /home/zengkai/EEGTokenizer/eegtokenizer_v2/logs/train_20260319.log
[2026-03-19 21:08:52] 保留训练标记文件以便下次重试
[main f5ae376] 训练失败日志: 2026-03-19 21:08:52
 6 files changed, 486 insertions(+)
 create mode 100644 eegtokenizer_v2/logs/cron_20260319.log
 create mode 100644 eegtokenizer_v2/logs/train_20260319.log
 create mode 100644 eegtokenizer_v2/logs/train_20260319_205914.log
 create mode 100644 eegtokenizer_v2/logs/train_20260319_210011.log
 create mode 100644 eegtokenizer_v2/logs/train_20260319_210429.log
 create mode 100644 eegtokenizer_v2/logs/train_20260319_210850.log
To github.com:KyleCream/EEGTokenizer.git
   34679d8..f5ae376  main -> main
[2026-03-19 21:16:30] ========================================
[2026-03-19 21:16:30] 自动训练脚本启动（标记文件控制）
[2026-03-19 21:16:30] ========================================
[2026-03-19 21:16:30] 检测到训练标记文件，准备运行训练...
[2026-03-19 21:16:30] 拉取最新代码...
来自 github.com:KyleCream/EEGTokenizer
 * branch            main       -> FETCH_HEAD
已经是最新的。
[2026-03-19 21:16:37] 代码更新完成
[2026-03-19 21:16:37] 激活 Conda 环境: mamba_cuda121
[2026-03-19 21:16:37] Python 版本: Python 3.11.11
[2026-03-19 21:16:37] Python 路径: /home/zengkai/conda/envs/mamba_cuda121/bin/python
[2026-03-19 21:16:37] 开始训练...
[2026-03-19 21:16:37] 训练脚本: train.py
[2026-03-19 21:16:37] 训练参数: --config eegtokenizer_v2/configs/experiments.yaml::adc_4bit
[2026-03-19 21:16:43] 错误：训练失败，查看日志: /home/zengkai/EEGTokenizer/eegtokenizer_v2/logs/train_20260319.log
[2026-03-19 21:16:43] 保留训练标记文件以便下次重试
[main 8a96ef3] 训练失败日志: 2026-03-19 21:16:43
 3 files changed, 172 insertions(+)
 create mode 100644 eegtokenizer_v2/logs/train_20260319_211640.log
To github.com:KyleCream/EEGTokenizer.git
   655b593..8a96ef3  main -> main
[2026-03-19 21:30:01] ========================================
[2026-03-19 21:30:01] ========================================
[2026-03-19 21:30:01] 自动训练脚本启动（标记文件控制）
[2026-03-19 21:30:01] 自动训练脚本启动（标记文件控制）
[2026-03-19 21:30:01] ========================================
[2026-03-19 21:30:01] ========================================
[2026-03-19 21:30:01] 检测到训练标记文件，准备运行训练...
[2026-03-19 21:30:01] 检测到训练标记文件，准备运行训练...
[2026-03-19 21:30:01] 拉取最新代码...
[2026-03-19 21:30:01] 拉取最新代码...
来自 github.com:KyleCream/EEGTokenizer
 * branch            main       -> FETCH_HEAD
warning: fetch 更新了当前的分支。快进您的工作区
至提交 8a96ef3846356ca40f080b58f74810781359026f。
error: 您对下列文件的本地修改将被合并操作覆盖：
	eeg-auto-iteration/nit-server/config/config.sh
请在合并前提交或贮藏您的修改。
正在终止
fatal: 您当前的工作区无法执行快进操作。
首先执行如下命令：
$ git diff 8a96ef3846356ca40f080b58f74810781359026f
以确认所有有用的数据均已保存。然后执行下面的命令
$ git reset --hard
恢复之前的状态。
[2026-03-19 21:30:08] 错误：git pull 失败
[2026-03-19 21:30:08] 错误：git pull 失败
[2026-03-19 21:30:16] ========================================
[2026-03-19 21:30:16] 自动训练脚本启动（标记文件控制）
[2026-03-19 21:30:16] ========================================
[2026-03-19 21:30:16] 检测到训练标记文件，准备运行训练...
[2026-03-19 21:30:16] 拉取最新代码...
来自 github.com:KyleCream/EEGTokenizer
 * branch            main       -> FETCH_HEAD
已经是最新的。
[2026-03-19 21:30:27] 代码更新完成
[2026-03-19 21:30:27] 激活 Conda 环境: mamba_cuda121
[2026-03-19 21:30:27] Python 版本: Python 3.11.11
[2026-03-19 21:30:27] Python 路径: /home/zengkai/conda/envs/mamba_cuda121/bin/python
[2026-03-19 21:30:27] 开始训练...
[2026-03-19 21:30:27] 训练脚本: train.py
[2026-03-19 21:30:27] 训练参数: --config eegtokenizer_v2/configs/experiments.yaml::adc_4bit --gpu 1
[2026-03-19 21:30:50] 训练完成
[2026-03-19 21:30:50] 删除训练标记文件
[2026-03-19 21:30:50] 推送训练日志到 GitHub...
[main f33d07d] 训练日志: 2026-03-19 21:30:50
 3 files changed, 10758 insertions(+)
 create mode 100644 eegtokenizer_v2/logs/train_20260319_213030.log
To github.com:KyleCream/EEGTokenizer.git
   dff4da2..f33d07d  main -> main
[2026-03-19 21:31:04] 推送成功
[2026-03-19 21:31:04] ========================================
[2026-03-19 21:31:04] 脚本执行完成
[2026-03-19 21:31:04] ========================================
[2026-03-19 21:45:17] ========================================
[2026-03-19 21:45:17] 自动训练脚本启动（标记文件控制）
[2026-03-19 21:45:17] ========================================
[2026-03-19 21:45:17] 没有检测到训练标记文件 (.needs_training)，退出
/home/zengkai/EEGTokenizer/eeg-auto-iteration/nit-server/config/config.sh: 行 44: log: 未找到命令
/home/zengkai/EEGTokenizer/eeg-auto-iteration/nit-server/config/config.sh: 行 50: log: 未找到命令
/home/zengkai/EEGTokenizer/eeg-auto-iteration/nit-server/config/config.sh: 行 51: log: 未找到命令
/home/zengkai/EEGTokenizer/eeg-auto-iteration/nit-server/config/config.sh: 行 59: log: 未找到命令
[2026-03-19 22:00:01] ========================================
[2026-03-19 22:00:01] ========================================
[2026-03-19 22:00:01] 自动训练脚本启动（标记文件控制）
[2026-03-19 22:00:01] 自动训练脚本启动（标记文件控制）
[2026-03-19 22:00:01] ========================================
[2026-03-19 22:00:01] ========================================
[2026-03-19 22:00:01] 没有检测到训练标记文件 (.needs_training)，退出
[2026-03-19 22:00:01] 没有检测到训练标记文件 (.needs_training)，退出
[2026-03-19 22:04:21] ========================================
[2026-03-19 22:04:21] 自动训练脚本启动（标记文件控制）
[2026-03-19 22:04:21] ========================================
[2026-03-19 22:04:21] 检测到训练标记文件，准备运行训练...
[2026-03-19 22:04:21] 拉取最新代码...
来自 github.com:KyleCream/EEGTokenizer
 * branch            main       -> FETCH_HEAD
已经是最新的。
[2026-03-19 22:04:31] 代码更新完成
[2026-03-19 22:04:31] 激活 Conda 环境: mamba_cuda121
[2026-03-19 22:04:31] Python 版本: Python 3.11.11
[2026-03-19 22:04:31] Python 路径: /home/zengkai/conda/envs/mamba_cuda121/bin/python
[2026-03-19 22:04:31] 开始训练...
[2026-03-19 22:04:31] 训练脚本: train.py
[2026-03-19 22:04:31] 训练参数: --config eegtokenizer_v2/configs/experiments.yaml::adc_4bit --gpu 1
[2026-03-19 22:04:55] 训练完成
[2026-03-19 22:04:55] 删除训练标记文件
[2026-03-19 22:04:55] 推送训练日志到 GitHub...
[main 5d206d5] 训练日志: 2026-03-19 22:04:55
 3 files changed, 10764 insertions(+)
 create mode 100644 eegtokenizer_v2/logs/train_latest.log
To github.com:KyleCream/EEGTokenizer.git
   56d76aa..5d206d5  main -> main
[2026-03-19 22:05:09] 推送成功
[2026-03-19 22:05:09] ========================================
[2026-03-19 22:05:09] 脚本执行完成
[2026-03-19 22:05:09] ========================================
[2026-03-19 22:23:42] ========================================
[2026-03-19 22:23:42] 自动训练脚本启动（标记文件控制）
[2026-03-19 22:23:42] ========================================
[2026-03-19 22:23:42] 没有检测到训练标记文件 (.needs_training)，退出
[2026-03-19 22:23:48] ========================================
[2026-03-19 22:23:48] 自动训练脚本启动（标记文件控制）
[2026-03-19 22:23:48] ========================================
[2026-03-19 22:23:48] 检测到训练标记文件，准备运行训练...
[2026-03-19 22:23:48] 拉取最新代码...
来自 github.com:KyleCream/EEGTokenizer
 * branch            main       -> FETCH_HEAD
   5d206d5..a932279  main       -> origin/main
error: 您对下列文件的本地修改将被合并操作覆盖：
	eegtokenizer_v2/data/loader.py
请在合并前提交或贮藏您的修改。
正在终止
更新 5d206d5..a932279
[2026-03-19 22:24:01] 错误：git pull 失败
[2026-03-19 22:24:58] ========================================
[2026-03-19 22:24:58] 自动训练脚本启动（标记文件控制）
[2026-03-19 22:24:58] ========================================
[2026-03-19 22:24:58] 检测到训练标记文件，准备运行训练...
[2026-03-19 22:24:58] 拉取最新代码...
来自 github.com:KyleCream/EEGTokenizer
 * branch            main       -> FETCH_HEAD
更新 5d206d5..a932279
Fast-forward
 .../nit-server/scripts/smart_train_auto.sh         | 35 +++++++++++++++
 eegtokenizer_v2/data/loader.py                     | 51 +++++++++++++---------
 2 files changed, 66 insertions(+), 20 deletions(-)
 create mode 100644 eeg-auto-iteration/nit-server/scripts/smart_train_auto.sh
[2026-03-19 22:25:05] 代码更新完成
[2026-03-19 22:25:05] 激活 Conda 环境: mamba_cuda121
[2026-03-19 22:25:05] Python 版本: Python 3.11.11
[2026-03-19 22:25:05] Python 路径: /home/zengkai/conda/envs/mamba_cuda121/bin/python
[2026-03-19 22:25:05] 开始训练...
[2026-03-19 22:25:05] 训练脚本: train.py
[2026-03-19 22:25:05] 训练参数: --config eegtokenizer_v2/configs/experiments.yaml::adc_4bit --gpu 1
[2026-03-19 22:25:09] 错误：训练失败，查看日志: /home/zengkai/EEGTokenizer/eegtokenizer_v2/logs/train_20260319.log
[2026-03-19 22:25:09] 保留训练标记文件以便下次重试
[main b788cf4] 训练失败日志: 2026-03-19 22:25:09
 3 files changed, 116 insertions(+), 5157 deletions(-)
To github.com:KyleCream/EEGTokenizer.git
   a932279..b788cf4  main -> main
/home/zengkai/EEGTokenizer/eeg-auto-iteration/nit-server/config/config.sh: 行 44: log: 未找到命令
/home/zengkai/EEGTokenizer/eeg-auto-iteration/nit-server/config/config.sh: 行 50: log: 未找到命令
/home/zengkai/EEGTokenizer/eeg-auto-iteration/nit-server/config/config.sh: 行 51: log: 未找到命令
/home/zengkai/EEGTokenizer/eeg-auto-iteration/nit-server/config/config.sh: 行 59: log: 未找到命令
[2026-03-19 22:30:01] ========================================
[2026-03-19 22:30:01] ========================================
[2026-03-19 22:30:01] 自动训练脚本启动（标记文件控制）
[2026-03-19 22:30:01] 自动训练脚本启动（标记文件控制）
[2026-03-19 22:30:01] ========================================
[2026-03-19 22:30:01] ========================================
[2026-03-19 22:30:01] 检测到训练标记文件，准备运行训练...
[2026-03-19 22:30:01] 检测到训练标记文件，准备运行训练...
[2026-03-19 22:30:01] 拉取最新代码...
[2026-03-19 22:30:01] 拉取最新代码...
来自 github.com:KyleCream/EEGTokenizer
 * branch            main       -> FETCH_HEAD
已经是最新的。
[2026-03-19 22:30:28] 代码更新完成
[2026-03-19 22:30:28] 代码更新完成
[2026-03-19 22:30:28] 激活 Conda 环境: mamba_cuda121
[2026-03-19 22:30:28] 激活 Conda 环境: mamba_cuda121
[2026-03-19 22:30:28] Python 版本: Python 3.11.11
[2026-03-19 22:30:28] Python 版本: Python 3.11.11
[2026-03-19 22:30:28] Python 路径: /home/zengkai/conda/envs/mamba_cuda121/bin/python
[2026-03-19 22:30:28] Python 路径: /home/zengkai/conda/envs/mamba_cuda121/bin/python
[2026-03-19 22:30:28] 开始训练...
[2026-03-19 22:30:28] 开始训练...
[2026-03-19 22:30:28] 训练脚本: train.py
[2026-03-19 22:30:28] 训练脚本: train.py
[2026-03-19 22:30:28] 训练参数: --config eegtokenizer_v2/configs/experiments.yaml::adc_4bit --gpu 1
[2026-03-19 22:30:28] 训练参数: --config eegtokenizer_v2/configs/experiments.yaml::adc_4bit --gpu 1
[2026-03-19 22:30:32] 错误：训练失败，查看日志: /home/zengkai/EEGTokenizer/eegtokenizer_v2/logs/train_20260319.log
[2026-03-19 22:30:32] 错误：训练失败，查看日志: /home/zengkai/EEGTokenizer/eegtokenizer_v2/logs/train_20260319.log
[2026-03-19 22:30:32] 保留训练标记文件以便下次重试
[2026-03-19 22:30:32] 保留训练标记文件以便下次重试
[main 557f8b0] 训练失败日志: 2026-03-19 22:30:32
 3 files changed, 102 insertions(+), 29 deletions(-)
To github.com:KyleCream/EEGTokenizer.git
   b788cf4..557f8b0  main -> main
[2026-03-19 23:00:00] ========================================
[2026-03-19 23:00:00] 自动训练脚本启动（标记文件控制）
[2026-03-19 23:00:00] ========================================
[2026-03-19 23:00:00] 检测到训练标记文件，准备运行训练...
[2026-03-19 23:00:00] 拉取最新代码...
/home/zengkai/EEGTokenizer/eeg-auto-iteration/nit-server/config/config.sh: 行 44: log: 未找到命令
/home/zengkai/EEGTokenizer/eeg-auto-iteration/nit-server/config/config.sh: 行 50: log: 未找到命令
/home/zengkai/EEGTokenizer/eeg-auto-iteration/nit-server/config/config.sh: 行 51: log: 未找到命令
/home/zengkai/EEGTokenizer/eeg-auto-iteration/nit-server/config/config.sh: 行 59: log: 未找到命令
[2026-03-19 23:00:01] ========================================
[2026-03-19 23:00:01] ========================================
[2026-03-19 23:00:01] 自动训练脚本启动（标记文件控制）
[2026-03-19 23:00:01] 自动训练脚本启动（标记文件控制）
[2026-03-19 23:00:01] ========================================
[2026-03-19 23:00:01] ========================================
[2026-03-19 23:00:01] 检测到训练标记文件，准备运行训练...
[2026-03-19 23:00:01] 检测到训练标记文件，准备运行训练...
[2026-03-19 23:00:01] 拉取最新代码...
[2026-03-19 23:00:01] 拉取最新代码...
来自 github.com:KyleCream/EEGTokenizer
 * branch            main       -> FETCH_HEAD
   557f8b0..c3261fb  main       -> origin/main
更新 557f8b0..c3261fb
Fast-forward
 eegtokenizer_v2/data/loader.py | 20 ++++++++++++++++----
 train.py                       |  3 +--
 2 files changed, 17 insertions(+), 6 deletions(-)
[2026-03-19 23:00:18] 代码更新完成
[2026-03-19 23:00:18] 代码更新完成
[2026-03-19 23:00:18] 激活 Conda 环境: mamba_cuda121
[2026-03-19 23:00:18] 激活 Conda 环境: mamba_cuda121
来自 github.com:KyleCream/EEGTokenizer
 * branch            main       -> FETCH_HEAD
error: cannot lock ref 'refs/remotes/origin/main': is at c3261fbd3c394329bf41421ec719dff5e05b3391 but expected 557f8b0696933ae579c37a634b0742df9b97fe3f
 ! 557f8b0..c3261fb  main       -> origin/main  (不能更新本地引用)
[2026-03-19 23:00:18] 错误：git pull 失败
[2026-03-19 23:00:18] Python 版本: Python 3.11.11
[2026-03-19 23:00:18] Python 版本: Python 3.11.11
[2026-03-19 23:00:18] Python 路径: /home/zengkai/conda/envs/mamba_cuda121/bin/python
[2026-03-19 23:00:18] Python 路径: /home/zengkai/conda/envs/mamba_cuda121/bin/python
[2026-03-19 23:00:18] 开始训练...
[2026-03-19 23:00:18] 开始训练...
[2026-03-19 23:00:18] 训练脚本: train.py
[2026-03-19 23:00:18] 训练脚本: train.py
[2026-03-19 23:00:18] 训练参数: --config eegtokenizer_v2/configs/experiments.yaml::adc_4bit --gpu 1
[2026-03-19 23:00:18] 训练参数: --config eegtokenizer_v2/configs/experiments.yaml::adc_4bit --gpu 1
[2026-03-19 23:00:43] 训练完成
[2026-03-19 23:00:43] 训练完成
[2026-03-19 23:00:43] 删除训练标记文件
[2026-03-19 23:00:43] 删除训练标记文件
[2026-03-19 23:00:43] 推送训练日志到 GitHub...
[2026-03-19 23:00:43] 推送训练日志到 GitHub...
[main 1acf645] 训练日志: 2026-03-19 23:00:43
 3 files changed, 15801 insertions(+), 33 deletions(-)
To github.com:KyleCream/EEGTokenizer.git
   c3261fb..1acf645  main -> main
[2026-03-19 23:00:51] 推送成功
[2026-03-19 23:00:51] 推送成功
[2026-03-19 23:00:51] ========================================
[2026-03-19 23:00:51] ========================================
[2026-03-19 23:00:51] 脚本执行完成
[2026-03-19 23:00:51] 脚本执行完成
[2026-03-19 23:00:51] ========================================
[2026-03-19 23:00:51] ========================================
[2026-03-19 23:21:16] ========================================
[2026-03-19 23:21:16] 自动训练脚本启动（标记文件控制）
[2026-03-19 23:21:16] ========================================
[2026-03-19 23:21:16] 没有检测到训练标记文件 (.needs_training)，退出
[2026-03-19 23:21:27] ========================================
[2026-03-19 23:21:27] 自动训练脚本启动（标记文件控制）
[2026-03-19 23:21:27] ========================================
[2026-03-19 23:21:27] 检测到训练标记文件，准备运行训练...
[2026-03-19 23:21:27] 拉取最新代码...
来自 github.com:KyleCream/EEGTokenizer
 * branch            main       -> FETCH_HEAD
已经是最新的。
[2026-03-19 23:21:34] 代码更新完成
[2026-03-19 23:21:34] 激活 Conda 环境: mamba_cuda121
[2026-03-19 23:21:34] Python 版本: Python 3.11.11
[2026-03-19 23:21:34] Python 路径: /home/zengkai/conda/envs/mamba_cuda121/bin/python
[2026-03-19 23:21:34] 开始训练...
[2026-03-19 23:21:34] 训练脚本: train.py
[2026-03-19 23:21:34] 训练参数: --config eegtokenizer_v2/configs/experiments.yaml::adc_4bit --gpu 1
[2026-03-19 23:21:57] 训练完成
[2026-03-19 23:21:57] 删除训练标记文件
[2026-03-19 23:21:57] 推送训练日志到 GitHub...
[main 0e12a17] 训练日志: 2026-03-19 23:21:57
 3 files changed, 8880 insertions(+), 769 deletions(-)
To github.com:KyleCream/EEGTokenizer.git
   1acf645..0e12a17  main -> main
[2026-03-19 23:22:05] 推送成功
[2026-03-19 23:22:05] ========================================
[2026-03-19 23:22:05] 脚本执行完成
[2026-03-19 23:22:05] ========================================
/home/zengkai/EEGTokenizer/eeg-auto-iteration/nit-server/config/config.sh: 行 44: log: 未找到命令
/home/zengkai/EEGTokenizer/eeg-auto-iteration/nit-server/config/config.sh: 行 50: log: 未找到命令
/home/zengkai/EEGTokenizer/eeg-auto-iteration/nit-server/config/config.sh: 行 51: log: 未找到命令
/home/zengkai/EEGTokenizer/eeg-auto-iteration/nit-server/config/config.sh: 行 59: log: 未找到命令
[2026-03-19 23:30:01] ========================================
[2026-03-19 23:30:01] ========================================
[2026-03-19 23:30:01] 自动训练脚本启动（标记文件控制）
[2026-03-19 23:30:01] 自动训练脚本启动（标记文件控制）
[2026-03-19 23:30:01] ========================================
[2026-03-19 23:30:01] ========================================
[2026-03-19 23:30:01] 没有检测到训练标记文件 (.needs_training)，退出
[2026-03-19 23:30:01] 没有检测到训练标记文件 (.needs_training)，退出
[2026-03-19 23:35:41] ========================================
[2026-03-19 23:35:41] 自动训练脚本启动（标记文件控制）
[2026-03-19 23:35:41] ========================================
[2026-03-19 23:35:41] 没有检测到训练标记文件 (.needs_training)，退出
[2026-03-19 23:35:48] ========================================
[2026-03-19 23:35:48] 自动训练脚本启动（标记文件控制）
[2026-03-19 23:35:48] ========================================
[2026-03-19 23:35:48] 检测到训练标记文件，准备运行训练...
[2026-03-19 23:35:48] 拉取最新代码...
来自 github.com:KyleCream/EEGTokenizer
 * branch            main       -> FETCH_HEAD
已经是最新的。
[2026-03-19 23:35:57] 代码更新完成
[2026-03-19 23:35:57] 激活 Conda 环境: mamba_cuda121
[2026-03-19 23:35:57] Python 版本: Python 3.11.11
[2026-03-19 23:35:57] Python 路径: /home/zengkai/conda/envs/mamba_cuda121/bin/python
[2026-03-19 23:35:57] 开始训练...
[2026-03-19 23:35:57] 训练脚本: train.py
[2026-03-19 23:35:57] 训练参数: --config eegtokenizer_v2/configs/experiments.yaml::adc_4bit --gpu 1
[2026-03-19 23:36:19] 训练完成
[2026-03-19 23:36:19] 删除训练标记文件
[2026-03-19 23:36:19] 推送训练日志到 GitHub...
[main 9c0b80c] 训练日志: 2026-03-19 23:36:19
 3 files changed, 8888 insertions(+), 769 deletions(-)
To github.com:KyleCream/EEGTokenizer.git
   0e12a17..9c0b80c  main -> main
[2026-03-19 23:36:42] 推送成功
[2026-03-19 23:36:42] ========================================
[2026-03-19 23:36:42] 脚本执行完成
[2026-03-19 23:36:42] ========================================
[2026-03-19 23:42:31] ========================================
[2026-03-19 23:42:31] 自动训练脚本启动（标记文件控制）
[2026-03-19 23:42:31] ========================================
[2026-03-19 23:42:31] 没有检测到训练标记文件 (.needs_training)，退出
[2026-03-19 23:42:38] ========================================
[2026-03-19 23:42:38] 自动训练脚本启动（标记文件控制）
[2026-03-19 23:42:38] ========================================
[2026-03-19 23:42:38] 检测到训练标记文件，准备运行训练...
[2026-03-19 23:42:38] 拉取最新代码...
来自 github.com:KyleCream/EEGTokenizer
 * branch            main       -> FETCH_HEAD
已经是最新的。
[2026-03-19 23:42:46] 代码更新完成
[2026-03-19 23:42:46] 激活 Conda 环境: mamba_cuda121
[2026-03-19 23:42:47] Python 版本: Python 3.11.11
[2026-03-19 23:42:47] Python 路径: /home/zengkai/conda/envs/mamba_cuda121/bin/python
[2026-03-19 23:42:47] 开始训练...
[2026-03-19 23:42:47] 训练脚本: train.py
[2026-03-19 23:42:47] 训练参数: --config eegtokenizer_v2/configs/experiments.yaml::adc_4bit --gpu 1
[2026-03-19 23:43:07] 训练完成
[2026-03-19 23:43:07] 删除训练标记文件
[2026-03-19 23:43:07] 推送训练日志到 GitHub...
[main 4c0217a] 训练日志: 2026-03-19 23:43:07
 3 files changed, 10376 insertions(+), 1069 deletions(-)
To github.com:KyleCream/EEGTokenizer.git
   8638045..4c0217a  main -> main
[2026-03-19 23:43:19] 推送成功
[2026-03-19 23:43:19] ========================================
[2026-03-19 23:43:19] 脚本执行完成
[2026-03-19 23:43:19] ========================================
/home/zengkai/EEGTokenizer/eeg-auto-iteration/nit-server/config/config.sh: 行 44: log: 未找到命令
/home/zengkai/EEGTokenizer/eeg-auto-iteration/nit-server/config/config.sh: 行 50: log: 未找到命令
/home/zengkai/EEGTokenizer/eeg-auto-iteration/nit-server/config/config.sh: 行 51: log: 未找到命令
/home/zengkai/EEGTokenizer/eeg-auto-iteration/nit-server/config/config.sh: 行 59: log: 未找到命令
[2026-03-20 00:00:02] ========================================
[2026-03-20 00:00:02] 自动训练脚本启动（标记文件控制）
[2026-03-20 00:00:02] ========================================
[2026-03-20 00:00:02] 没有检测到训练标记文件 (.needs_training)，退出
/home/zengkai/EEGTokenizer/eeg-auto-iteration/nit-server/config/config.sh: 行 44: log: 未找到命令
/home/zengkai/EEGTokenizer/eeg-auto-iteration/nit-server/config/config.sh: 行 50: log: 未找到命令
/home/zengkai/EEGTokenizer/eeg-auto-iteration/nit-server/config/config.sh: 行 51: log: 未找到命令
/home/zengkai/EEGTokenizer/eeg-auto-iteration/nit-server/config/config.sh: 行 59: log: 未找到命令
[2026-03-20 00:30:01] ========================================
[2026-03-20 00:30:01] 自动训练脚本启动（标记文件控制）
[2026-03-20 00:30:01] ========================================
[2026-03-20 00:30:01] 没有检测到训练标记文件 (.needs_training)，退出
/home/zengkai/EEGTokenizer/eeg-auto-iteration/nit-server/config/config.sh: 行 44: log: 未找到命令
/home/zengkai/EEGTokenizer/eeg-auto-iteration/nit-server/config/config.sh: 行 50: log: 未找到命令
/home/zengkai/EEGTokenizer/eeg-auto-iteration/nit-server/config/config.sh: 行 51: log: 未找到命令
/home/zengkai/EEGTokenizer/eeg-auto-iteration/nit-server/config/config.sh: 行 59: log: 未找到命令
[2026-03-20 01:00:01] ========================================
[2026-03-20 01:00:01] 自动训练脚本启动（标记文件控制）
[2026-03-20 01:00:01] ========================================
[2026-03-20 01:00:01] 没有检测到训练标记文件 (.needs_training)，退出
/home/zengkai/EEGTokenizer/eeg-auto-iteration/nit-server/config/config.sh: 行 44: log: 未找到命令
/home/zengkai/EEGTokenizer/eeg-auto-iteration/nit-server/config/config.sh: 行 50: log: 未找到命令
/home/zengkai/EEGTokenizer/eeg-auto-iteration/nit-server/config/config.sh: 行 51: log: 未找到命令
/home/zengkai/EEGTokenizer/eeg-auto-iteration/nit-server/config/config.sh: 行 59: log: 未找到命令
[2026-03-20 01:30:01] ========================================
[2026-03-20 01:30:01] 自动训练脚本启动（标记文件控制）
[2026-03-20 01:30:01] ========================================
[2026-03-20 01:30:01] 没有检测到训练标记文件 (.needs_training)，退出
/home/zengkai/EEGTokenizer/eeg-auto-iteration/nit-server/config/config.sh: 行 44: log: 未找到命令
/home/zengkai/EEGTokenizer/eeg-auto-iteration/nit-server/config/config.sh: 行 50: log: 未找到命令
/home/zengkai/EEGTokenizer/eeg-auto-iteration/nit-server/config/config.sh: 行 51: log: 未找到命令
/home/zengkai/EEGTokenizer/eeg-auto-iteration/nit-server/config/config.sh: 行 59: log: 未找到命令
[2026-03-20 02:00:01] ========================================
[2026-03-20 02:00:01] 自动训练脚本启动（标记文件控制）
[2026-03-20 02:00:01] ========================================
[2026-03-20 02:00:01] 没有检测到训练标记文件 (.needs_training)，退出
/home/zengkai/EEGTokenizer/eeg-auto-iteration/nit-server/config/config.sh: 行 44: log: 未找到命令
/home/zengkai/EEGTokenizer/eeg-auto-iteration/nit-server/config/config.sh: 行 50: log: 未找到命令
/home/zengkai/EEGTokenizer/eeg-auto-iteration/nit-server/config/config.sh: 行 51: log: 未找到命令
/home/zengkai/EEGTokenizer/eeg-auto-iteration/nit-server/config/config.sh: 行 59: log: 未找到命令
[2026-03-20 02:30:01] ========================================
[2026-03-20 02:30:01] 自动训练脚本启动（标记文件控制）
[2026-03-20 02:30:01] ========================================
[2026-03-20 02:30:01] 没有检测到训练标记文件 (.needs_training)，退出
/home/zengkai/EEGTokenizer/eeg-auto-iteration/nit-server/config/config.sh: 行 44: log: 未找到命令
/home/zengkai/EEGTokenizer/eeg-auto-iteration/nit-server/config/config.sh: 行 50: log: 未找到命令
/home/zengkai/EEGTokenizer/eeg-auto-iteration/nit-server/config/config.sh: 行 51: log: 未找到命令
/home/zengkai/EEGTokenizer/eeg-auto-iteration/nit-server/config/config.sh: 行 59: log: 未找到命令
[2026-03-20 03:00:01] ========================================
[2026-03-20 03:00:01] 自动训练脚本启动（标记文件控制）
[2026-03-20 03:00:01] ========================================
[2026-03-20 03:00:01] 没有检测到训练标记文件 (.needs_training)，退出
/home/zengkai/EEGTokenizer/eeg-auto-iteration/nit-server/config/config.sh: 行 44: log: 未找到命令
/home/zengkai/EEGTokenizer/eeg-auto-iteration/nit-server/config/config.sh: 行 50: log: 未找到命令
/home/zengkai/EEGTokenizer/eeg-auto-iteration/nit-server/config/config.sh: 行 51: log: 未找到命令
/home/zengkai/EEGTokenizer/eeg-auto-iteration/nit-server/config/config.sh: 行 59: log: 未找到命令
[2026-03-20 03:30:01] ========================================
[2026-03-20 03:30:01] 自动训练脚本启动（标记文件控制）
[2026-03-20 03:30:01] ========================================
[2026-03-20 03:30:01] 没有检测到训练标记文件 (.needs_training)，退出
/home/zengkai/EEGTokenizer/eeg-auto-iteration/nit-server/config/config.sh: 行 44: log: 未找到命令
/home/zengkai/EEGTokenizer/eeg-auto-iteration/nit-server/config/config.sh: 行 50: log: 未找到命令
/home/zengkai/EEGTokenizer/eeg-auto-iteration/nit-server/config/config.sh: 行 51: log: 未找到命令
/home/zengkai/EEGTokenizer/eeg-auto-iteration/nit-server/config/config.sh: 行 59: log: 未找到命令
[2026-03-20 04:00:01] ========================================
[2026-03-20 04:00:01] 自动训练脚本启动（标记文件控制）
[2026-03-20 04:00:01] ========================================
[2026-03-20 04:00:01] 没有检测到训练标记文件 (.needs_training)，退出
/home/zengkai/EEGTokenizer/eeg-auto-iteration/nit-server/config/config.sh: 行 44: log: 未找到命令
/home/zengkai/EEGTokenizer/eeg-auto-iteration/nit-server/config/config.sh: 行 50: log: 未找到命令
/home/zengkai/EEGTokenizer/eeg-auto-iteration/nit-server/config/config.sh: 行 51: log: 未找到命令
/home/zengkai/EEGTokenizer/eeg-auto-iteration/nit-server/config/config.sh: 行 59: log: 未找到命令
[2026-03-20 04:30:01] ========================================
[2026-03-20 04:30:01] 自动训练脚本启动（标记文件控制）
[2026-03-20 04:30:01] ========================================
[2026-03-20 04:30:01] 没有检测到训练标记文件 (.needs_training)，退出
/home/zengkai/EEGTokenizer/eeg-auto-iteration/nit-server/config/config.sh: 行 44: log: 未找到命令
/home/zengkai/EEGTokenizer/eeg-auto-iteration/nit-server/config/config.sh: 行 50: log: 未找到命令
/home/zengkai/EEGTokenizer/eeg-auto-iteration/nit-server/config/config.sh: 行 51: log: 未找到命令
/home/zengkai/EEGTokenizer/eeg-auto-iteration/nit-server/config/config.sh: 行 59: log: 未找到命令
[2026-03-20 05:00:01] ========================================
[2026-03-20 05:00:01] 自动训练脚本启动（标记文件控制）
[2026-03-20 05:00:01] ========================================
[2026-03-20 05:00:01] 没有检测到训练标记文件 (.needs_training)，退出
/home/zengkai/EEGTokenizer/eeg-auto-iteration/nit-server/config/config.sh: 行 44: log: 未找到命令
/home/zengkai/EEGTokenizer/eeg-auto-iteration/nit-server/config/config.sh: 行 50: log: 未找到命令
/home/zengkai/EEGTokenizer/eeg-auto-iteration/nit-server/config/config.sh: 行 51: log: 未找到命令
/home/zengkai/EEGTokenizer/eeg-auto-iteration/nit-server/config/config.sh: 行 59: log: 未找到命令
[2026-03-20 05:30:01] ========================================
[2026-03-20 05:30:01] 自动训练脚本启动（标记文件控制）
[2026-03-20 05:30:01] ========================================
[2026-03-20 05:30:01] 没有检测到训练标记文件 (.needs_training)，退出
/home/zengkai/EEGTokenizer/eeg-auto-iteration/nit-server/config/config.sh: 行 44: log: 未找到命令
/home/zengkai/EEGTokenizer/eeg-auto-iteration/nit-server/config/config.sh: 行 50: log: 未找到命令
/home/zengkai/EEGTokenizer/eeg-auto-iteration/nit-server/config/config.sh: 行 51: log: 未找到命令
/home/zengkai/EEGTokenizer/eeg-auto-iteration/nit-server/config/config.sh: 行 59: log: 未找到命令
[2026-03-20 06:00:01] ========================================
[2026-03-20 06:00:01] 自动训练脚本启动（标记文件控制）
[2026-03-20 06:00:01] ========================================
[2026-03-20 06:00:01] 没有检测到训练标记文件 (.needs_training)，退出
/home/zengkai/EEGTokenizer/eeg-auto-iteration/nit-server/config/config.sh: 行 44: log: 未找到命令
/home/zengkai/EEGTokenizer/eeg-auto-iteration/nit-server/config/config.sh: 行 50: log: 未找到命令
/home/zengkai/EEGTokenizer/eeg-auto-iteration/nit-server/config/config.sh: 行 51: log: 未找到命令
/home/zengkai/EEGTokenizer/eeg-auto-iteration/nit-server/config/config.sh: 行 59: log: 未找到命令
[2026-03-20 06:30:01] ========================================
[2026-03-20 06:30:01] 自动训练脚本启动（标记文件控制）
[2026-03-20 06:30:01] ========================================
[2026-03-20 06:30:01] 没有检测到训练标记文件 (.needs_training)，退出
/home/zengkai/EEGTokenizer/eeg-auto-iteration/nit-server/config/config.sh: 行 44: log: 未找到命令
/home/zengkai/EEGTokenizer/eeg-auto-iteration/nit-server/config/config.sh: 行 50: log: 未找到命令
/home/zengkai/EEGTokenizer/eeg-auto-iteration/nit-server/config/config.sh: 行 51: log: 未找到命令
/home/zengkai/EEGTokenizer/eeg-auto-iteration/nit-server/config/config.sh: 行 59: log: 未找到命令
[2026-03-20 07:00:01] ========================================
[2026-03-20 07:00:01] 自动训练脚本启动（标记文件控制）
[2026-03-20 07:00:01] ========================================
[2026-03-20 07:00:01] 没有检测到训练标记文件 (.needs_training)，退出
/home/zengkai/EEGTokenizer/eeg-auto-iteration/nit-server/config/config.sh: 行 44: log: 未找到命令
/home/zengkai/EEGTokenizer/eeg-auto-iteration/nit-server/config/config.sh: 行 50: log: 未找到命令
/home/zengkai/EEGTokenizer/eeg-auto-iteration/nit-server/config/config.sh: 行 51: log: 未找到命令
/home/zengkai/EEGTokenizer/eeg-auto-iteration/nit-server/config/config.sh: 行 59: log: 未找到命令
[2026-03-20 07:30:01] ========================================
[2026-03-20 07:30:01] 自动训练脚本启动（标记文件控制）
[2026-03-20 07:30:01] ========================================
[2026-03-20 07:30:01] 没有检测到训练标记文件 (.needs_training)，退出
/home/zengkai/EEGTokenizer/eeg-auto-iteration/nit-server/config/config.sh: 行 44: log: 未找到命令
/home/zengkai/EEGTokenizer/eeg-auto-iteration/nit-server/config/config.sh: 行 50: log: 未找到命令
/home/zengkai/EEGTokenizer/eeg-auto-iteration/nit-server/config/config.sh: 行 51: log: 未找到命令
/home/zengkai/EEGTokenizer/eeg-auto-iteration/nit-server/config/config.sh: 行 59: log: 未找到命令
[2026-03-20 08:00:01] ========================================
[2026-03-20 08:00:01] 自动训练脚本启动（标记文件控制）
[2026-03-20 08:00:01] ========================================
[2026-03-20 08:00:01] 没有检测到训练标记文件 (.needs_training)，退出
/home/zengkai/EEGTokenizer/eeg-auto-iteration/nit-server/config/config.sh: 行 44: log: 未找到命令
/home/zengkai/EEGTokenizer/eeg-auto-iteration/nit-server/config/config.sh: 行 50: log: 未找到命令
/home/zengkai/EEGTokenizer/eeg-auto-iteration/nit-server/config/config.sh: 行 51: log: 未找到命令
/home/zengkai/EEGTokenizer/eeg-auto-iteration/nit-server/config/config.sh: 行 59: log: 未找到命令
[2026-03-20 08:30:02] ========================================
[2026-03-20 08:30:02] 自动训练脚本启动（标记文件控制）
[2026-03-20 08:30:02] ========================================
[2026-03-20 08:30:02] 没有检测到训练标记文件 (.needs_training)，退出
/home/zengkai/EEGTokenizer/eeg-auto-iteration/nit-server/config/config.sh: 行 44: log: 未找到命令
/home/zengkai/EEGTokenizer/eeg-auto-iteration/nit-server/config/config.sh: 行 50: log: 未找到命令
/home/zengkai/EEGTokenizer/eeg-auto-iteration/nit-server/config/config.sh: 行 51: log: 未找到命令
/home/zengkai/EEGTokenizer/eeg-auto-iteration/nit-server/config/config.sh: 行 59: log: 未找到命令
[2026-03-20 09:00:01] ========================================
[2026-03-20 09:00:01] 自动训练脚本启动（标记文件控制）
[2026-03-20 09:00:01] ========================================
[2026-03-20 09:00:01] 没有检测到训练标记文件 (.needs_training)，退出
/home/zengkai/EEGTokenizer/eeg-auto-iteration/nit-server/config/config.sh: 行 44: log: 未找到命令
/home/zengkai/EEGTokenizer/eeg-auto-iteration/nit-server/config/config.sh: 行 50: log: 未找到命令
/home/zengkai/EEGTokenizer/eeg-auto-iteration/nit-server/config/config.sh: 行 51: log: 未找到命令
/home/zengkai/EEGTokenizer/eeg-auto-iteration/nit-server/config/config.sh: 行 59: log: 未找到命令
[2026-03-20 09:30:01] ========================================
[2026-03-20 09:30:01] 自动训练脚本启动（标记文件控制）
[2026-03-20 09:30:01] ========================================
[2026-03-20 09:30:01] 没有检测到训练标记文件 (.needs_training)，退出
/home/zengkai/EEGTokenizer/eeg-auto-iteration/nit-server/config/config.sh: 行 44: log: 未找到命令
/home/zengkai/EEGTokenizer/eeg-auto-iteration/nit-server/config/config.sh: 行 50: log: 未找到命令
/home/zengkai/EEGTokenizer/eeg-auto-iteration/nit-server/config/config.sh: 行 51: log: 未找到命令
/home/zengkai/EEGTokenizer/eeg-auto-iteration/nit-server/config/config.sh: 行 59: log: 未找到命令
[2026-03-20 10:00:01] ========================================
[2026-03-20 10:00:01] 自动训练脚本启动（标记文件控制）
[2026-03-20 10:00:01] ========================================
[2026-03-20 10:00:01] 没有检测到训练标记文件 (.needs_training)，退出
/home/zengkai/EEGTokenizer/eeg-auto-iteration/nit-server/config/config.sh: 行 44: log: 未找到命令
/home/zengkai/EEGTokenizer/eeg-auto-iteration/nit-server/config/config.sh: 行 50: log: 未找到命令
/home/zengkai/EEGTokenizer/eeg-auto-iteration/nit-server/config/config.sh: 行 51: log: 未找到命令
/home/zengkai/EEGTokenizer/eeg-auto-iteration/nit-server/config/config.sh: 行 59: log: 未找到命令
[2026-03-20 10:30:01] ========================================
[2026-03-20 10:30:01] 自动训练脚本启动（标记文件控制）
[2026-03-20 10:30:01] ========================================
[2026-03-20 10:30:01] 没有检测到训练标记文件 (.needs_training)，退出
/home/zengkai/EEGTokenizer/eeg-auto-iteration/nit-server/config/config.sh: 行 44: log: 未找到命令
/home/zengkai/EEGTokenizer/eeg-auto-iteration/nit-server/config/config.sh: 行 50: log: 未找到命令
/home/zengkai/EEGTokenizer/eeg-auto-iteration/nit-server/config/config.sh: 行 51: log: 未找到命令
/home/zengkai/EEGTokenizer/eeg-auto-iteration/nit-server/config/config.sh: 行 59: log: 未找到命令
[2026-03-20 11:00:01] ========================================
[2026-03-20 11:00:01] 自动训练脚本启动（标记文件控制）
[2026-03-20 11:00:01] ========================================
[2026-03-20 11:00:01] 没有检测到训练标记文件 (.needs_training)，退出
/home/zengkai/EEGTokenizer/eeg-auto-iteration/nit-server/config/config.sh: 行 44: log: 未找到命令
/home/zengkai/EEGTokenizer/eeg-auto-iteration/nit-server/config/config.sh: 行 50: log: 未找到命令
/home/zengkai/EEGTokenizer/eeg-auto-iteration/nit-server/config/config.sh: 行 51: log: 未找到命令
/home/zengkai/EEGTokenizer/eeg-auto-iteration/nit-server/config/config.sh: 行 59: log: 未找到命令
[2026-03-20 11:30:01] ========================================
[2026-03-20 11:30:01] 自动训练脚本启动（标记文件控制）
[2026-03-20 11:30:01] ========================================
[2026-03-20 11:30:01] 没有检测到训练标记文件 (.needs_training)，退出
/home/zengkai/EEGTokenizer/eeg-auto-iteration/nit-server/config/config.sh: 行 44: log: 未找到命令
/home/zengkai/EEGTokenizer/eeg-auto-iteration/nit-server/config/config.sh: 行 50: log: 未找到命令
/home/zengkai/EEGTokenizer/eeg-auto-iteration/nit-server/config/config.sh: 行 51: log: 未找到命令
/home/zengkai/EEGTokenizer/eeg-auto-iteration/nit-server/config/config.sh: 行 59: log: 未找到命令
[2026-03-20 12:00:01] ========================================
[2026-03-20 12:00:01] 自动训练脚本启动（标记文件控制）
[2026-03-20 12:00:01] ========================================
[2026-03-20 12:00:01] 没有检测到训练标记文件 (.needs_training)，退出
/home/zengkai/EEGTokenizer/eeg-auto-iteration/nit-server/config/config.sh: 行 44: log: 未找到命令
/home/zengkai/EEGTokenizer/eeg-auto-iteration/nit-server/config/config.sh: 行 50: log: 未找到命令
/home/zengkai/EEGTokenizer/eeg-auto-iteration/nit-server/config/config.sh: 行 51: log: 未找到命令
/home/zengkai/EEGTokenizer/eeg-auto-iteration/nit-server/config/config.sh: 行 59: log: 未找到命令
[2026-03-20 12:30:01] ========================================
[2026-03-20 12:30:01] 自动训练脚本启动（标记文件控制）
[2026-03-20 12:30:01] ========================================
[2026-03-20 12:30:01] 没有检测到训练标记文件 (.needs_training)，退出
/home/zengkai/EEGTokenizer/eeg-auto-iteration/nit-server/config/config.sh: 行 44: log: 未找到命令
/home/zengkai/EEGTokenizer/eeg-auto-iteration/nit-server/config/config.sh: 行 50: log: 未找到命令
/home/zengkai/EEGTokenizer/eeg-auto-iteration/nit-server/config/config.sh: 行 51: log: 未找到命令
/home/zengkai/EEGTokenizer/eeg-auto-iteration/nit-server/config/config.sh: 行 59: log: 未找到命令
[2026-03-20 13:00:02] ========================================
[2026-03-20 13:00:02] 自动训练脚本启动（标记文件控制）
[2026-03-20 13:00:02] ========================================
[2026-03-20 13:00:02] 没有检测到训练标记文件 (.needs_training)，退出
/home/zengkai/EEGTokenizer/eeg-auto-iteration/nit-server/config/config.sh: 行 44: log: 未找到命令
/home/zengkai/EEGTokenizer/eeg-auto-iteration/nit-server/config/config.sh: 行 50: log: 未找到命令
/home/zengkai/EEGTokenizer/eeg-auto-iteration/nit-server/config/config.sh: 行 51: log: 未找到命令
/home/zengkai/EEGTokenizer/eeg-auto-iteration/nit-server/config/config.sh: 行 59: log: 未找到命令
[2026-03-20 13:30:01] ========================================
[2026-03-20 13:30:01] 自动训练脚本启动（标记文件控制）
[2026-03-20 13:30:01] ========================================
[2026-03-20 13:30:01] 没有检测到训练标记文件 (.needs_training)，退出
/home/zengkai/EEGTokenizer/eeg-auto-iteration/nit-server/config/config.sh: 行 44: log: 未找到命令
/home/zengkai/EEGTokenizer/eeg-auto-iteration/nit-server/config/config.sh: 行 50: log: 未找到命令
/home/zengkai/EEGTokenizer/eeg-auto-iteration/nit-server/config/config.sh: 行 51: log: 未找到命令
/home/zengkai/EEGTokenizer/eeg-auto-iteration/nit-server/config/config.sh: 行 59: log: 未找到命令
[2026-03-20 14:00:01] ========================================
[2026-03-20 14:00:01] 自动训练脚本启动（标记文件控制）
[2026-03-20 14:00:01] ========================================
[2026-03-20 14:00:01] 没有检测到训练标记文件 (.needs_training)，退出
/home/zengkai/EEGTokenizer/eeg-auto-iteration/nit-server/config/config.sh: 行 44: log: 未找到命令
/home/zengkai/EEGTokenizer/eeg-auto-iteration/nit-server/config/config.sh: 行 50: log: 未找到命令
/home/zengkai/EEGTokenizer/eeg-auto-iteration/nit-server/config/config.sh: 行 51: log: 未找到命令
/home/zengkai/EEGTokenizer/eeg-auto-iteration/nit-server/config/config.sh: 行 59: log: 未找到命令
[2026-03-20 14:30:01] ========================================
[2026-03-20 14:30:01] 自动训练脚本启动（标记文件控制）
[2026-03-20 14:30:01] ========================================
[2026-03-20 14:30:01] 没有检测到训练标记文件 (.needs_training)，退出
/home/zengkai/EEGTokenizer/eeg-auto-iteration/nit-server/config/config.sh: 行 44: log: 未找到命令
/home/zengkai/EEGTokenizer/eeg-auto-iteration/nit-server/config/config.sh: 行 50: log: 未找到命令
/home/zengkai/EEGTokenizer/eeg-auto-iteration/nit-server/config/config.sh: 行 51: log: 未找到命令
/home/zengkai/EEGTokenizer/eeg-auto-iteration/nit-server/config/config.sh: 行 59: log: 未找到命令
[2026-03-20 15:00:01] ========================================
[2026-03-20 15:00:01] 自动训练脚本启动（标记文件控制）
[2026-03-20 15:00:01] ========================================
[2026-03-20 15:00:01] 没有检测到训练标记文件 (.needs_training)，退出
/home/zengkai/EEGTokenizer/eeg-auto-iteration/nit-server/config/config.sh: 行 44: log: 未找到命令
/home/zengkai/EEGTokenizer/eeg-auto-iteration/nit-server/config/config.sh: 行 50: log: 未找到命令
/home/zengkai/EEGTokenizer/eeg-auto-iteration/nit-server/config/config.sh: 行 51: log: 未找到命令
/home/zengkai/EEGTokenizer/eeg-auto-iteration/nit-server/config/config.sh: 行 59: log: 未找到命令
[2026-03-20 15:30:01] ========================================
[2026-03-20 15:30:01] 自动训练脚本启动（标记文件控制）
[2026-03-20 15:30:01] ========================================
[2026-03-20 15:30:01] 没有检测到训练标记文件 (.needs_training)，退出
/home/zengkai/EEGTokenizer/eeg-auto-iteration/nit-server/config/config.sh: 行 44: log: 未找到命令
/home/zengkai/EEGTokenizer/eeg-auto-iteration/nit-server/config/config.sh: 行 50: log: 未找到命令
/home/zengkai/EEGTokenizer/eeg-auto-iteration/nit-server/config/config.sh: 行 51: log: 未找到命令
/home/zengkai/EEGTokenizer/eeg-auto-iteration/nit-server/config/config.sh: 行 59: log: 未找到命令
[2026-03-20 16:00:01] ========================================
[2026-03-20 16:00:01] 自动训练脚本启动（标记文件控制）
[2026-03-20 16:00:01] ========================================
[2026-03-20 16:00:01] 没有检测到训练标记文件 (.needs_training)，退出
/home/zengkai/EEGTokenizer/eeg-auto-iteration/nit-server/config/config.sh: 行 44: log: 未找到命令
/home/zengkai/EEGTokenizer/eeg-auto-iteration/nit-server/config/config.sh: 行 50: log: 未找到命令
/home/zengkai/EEGTokenizer/eeg-auto-iteration/nit-server/config/config.sh: 行 51: log: 未找到命令
/home/zengkai/EEGTokenizer/eeg-auto-iteration/nit-server/config/config.sh: 行 59: log: 未找到命令
[2026-03-20 16:30:01] ========================================
[2026-03-20 16:30:01] 自动训练脚本启动（标记文件控制）
[2026-03-20 16:30:01] ========================================
[2026-03-20 16:30:01] 没有检测到训练标记文件 (.needs_training)，退出
/home/zengkai/EEGTokenizer/eeg-auto-iteration/nit-server/config/config.sh: 行 44: log: 未找到命令
/home/zengkai/EEGTokenizer/eeg-auto-iteration/nit-server/config/config.sh: 行 50: log: 未找到命令
/home/zengkai/EEGTokenizer/eeg-auto-iteration/nit-server/config/config.sh: 行 51: log: 未找到命令
/home/zengkai/EEGTokenizer/eeg-auto-iteration/nit-server/config/config.sh: 行 59: log: 未找到命令
[2026-03-20 17:00:01] ========================================
[2026-03-20 17:00:01] 自动训练脚本启动（标记文件控制）
[2026-03-20 17:00:01] ========================================
[2026-03-20 17:00:01] 没有检测到训练标记文件 (.needs_training)，退出
/home/zengkai/EEGTokenizer/eeg-auto-iteration/nit-server/config/config.sh: 行 44: log: 未找到命令
/home/zengkai/EEGTokenizer/eeg-auto-iteration/nit-server/config/config.sh: 行 50: log: 未找到命令
/home/zengkai/EEGTokenizer/eeg-auto-iteration/nit-server/config/config.sh: 行 51: log: 未找到命令
/home/zengkai/EEGTokenizer/eeg-auto-iteration/nit-server/config/config.sh: 行 59: log: 未找到命令
[2026-03-20 17:30:02] ========================================
[2026-03-20 17:30:02] 自动训练脚本启动（标记文件控制）
[2026-03-20 17:30:02] ========================================
[2026-03-20 17:30:02] 没有检测到训练标记文件 (.needs_training)，退出
/home/zengkai/EEGTokenizer/eeg-auto-iteration/nit-server/config/config.sh: 行 44: log: 未找到命令
/home/zengkai/EEGTokenizer/eeg-auto-iteration/nit-server/config/config.sh: 行 50: log: 未找到命令
/home/zengkai/EEGTokenizer/eeg-auto-iteration/nit-server/config/config.sh: 行 51: log: 未找到命令
/home/zengkai/EEGTokenizer/eeg-auto-iteration/nit-server/config/config.sh: 行 59: log: 未找到命令
[2026-03-20 18:00:01] ========================================
[2026-03-20 18:00:01] 自动训练脚本启动（标记文件控制）
[2026-03-20 18:00:01] ========================================
[2026-03-20 18:00:01] 没有检测到训练标记文件 (.needs_training)，退出
/home/zengkai/EEGTokenizer/eeg-auto-iteration/nit-server/config/config.sh: 行 44: log: 未找到命令
/home/zengkai/EEGTokenizer/eeg-auto-iteration/nit-server/config/config.sh: 行 50: log: 未找到命令
/home/zengkai/EEGTokenizer/eeg-auto-iteration/nit-server/config/config.sh: 行 51: log: 未找到命令
/home/zengkai/EEGTokenizer/eeg-auto-iteration/nit-server/config/config.sh: 行 59: log: 未找到命令
[2026-03-20 18:30:01] ========================================
[2026-03-20 18:30:01] 自动训练脚本启动（标记文件控制）
[2026-03-20 18:30:01] ========================================
[2026-03-20 18:30:01] 没有检测到训练标记文件 (.needs_training)，退出
/home/zengkai/EEGTokenizer/eeg-auto-iteration/nit-server/config/config.sh: 行 44: log: 未找到命令
/home/zengkai/EEGTokenizer/eeg-auto-iteration/nit-server/config/config.sh: 行 50: log: 未找到命令
/home/zengkai/EEGTokenizer/eeg-auto-iteration/nit-server/config/config.sh: 行 51: log: 未找到命令
/home/zengkai/EEGTokenizer/eeg-auto-iteration/nit-server/config/config.sh: 行 59: log: 未找到命令
[2026-03-20 19:00:01] ========================================
[2026-03-20 19:00:01] 自动训练脚本启动（标记文件控制）
[2026-03-20 19:00:01] ========================================
[2026-03-20 19:00:01] 没有检测到训练标记文件 (.needs_training)，退出
/home/zengkai/EEGTokenizer/eeg-auto-iteration/nit-server/config/config.sh: 行 44: log: 未找到命令
/home/zengkai/EEGTokenizer/eeg-auto-iteration/nit-server/config/config.sh: 行 50: log: 未找到命令
/home/zengkai/EEGTokenizer/eeg-auto-iteration/nit-server/config/config.sh: 行 51: log: 未找到命令
/home/zengkai/EEGTokenizer/eeg-auto-iteration/nit-server/config/config.sh: 行 59: log: 未找到命令
[2026-03-20 19:30:01] ========================================
[2026-03-20 19:30:01] 自动训练脚本启动（标记文件控制）
[2026-03-20 19:30:01] ========================================
[2026-03-20 19:30:01] 没有检测到训练标记文件 (.needs_training)，退出
/home/zengkai/EEGTokenizer/eeg-auto-iteration/nit-server/config/config.sh: 行 44: log: 未找到命令
/home/zengkai/EEGTokenizer/eeg-auto-iteration/nit-server/config/config.sh: 行 50: log: 未找到命令
/home/zengkai/EEGTokenizer/eeg-auto-iteration/nit-server/config/config.sh: 行 51: log: 未找到命令
/home/zengkai/EEGTokenizer/eeg-auto-iteration/nit-server/config/config.sh: 行 59: log: 未找到命令
[2026-03-20 20:00:01] ========================================
[2026-03-20 20:00:01] 自动训练脚本启动（标记文件控制）
[2026-03-20 20:00:01] ========================================
[2026-03-20 20:00:01] 没有检测到训练标记文件 (.needs_training)，退出
/home/zengkai/EEGTokenizer/eeg-auto-iteration/nit-server/config/config.sh: 行 44: log: 未找到命令
/home/zengkai/EEGTokenizer/eeg-auto-iteration/nit-server/config/config.sh: 行 50: log: 未找到命令
/home/zengkai/EEGTokenizer/eeg-auto-iteration/nit-server/config/config.sh: 行 51: log: 未找到命令
/home/zengkai/EEGTokenizer/eeg-auto-iteration/nit-server/config/config.sh: 行 59: log: 未找到命令
[2026-03-20 20:30:01] ========================================
[2026-03-20 20:30:01] 自动训练脚本启动（标记文件控制）
[2026-03-20 20:30:01] ========================================
[2026-03-20 20:30:01] 没有检测到训练标记文件 (.needs_training)，退出
