2026-03-19 21:16:40,591 - __main__ - INFO - 日志文件: /home/zengkai/EEGTokenizer/eegtokenizer_v2/logs/train_20260319_211640.log
2026-03-19 21:16:40,591 - __main__ - INFO - ============================================================
2026-03-19 21:16:40,591 - __main__ - INFO - EEGTokenizer 训练开始
2026-03-19 21:16:40,591 - __main__ - INFO - ============================================================
2026-03-19 21:16:40,591 - __main__ - INFO - 配置文件: eegtokenizer_v2/configs/experiments.yaml::adc_4bit
2026-03-19 21:16:40,591 - __main__ - INFO - GPU: cuda:0
2026-03-19 21:16:40,591 - __main__ - INFO - 调试模式: False
2026-03-19 21:16:40,591 - __main__ - INFO - 项目根目录: /home/zengkai/EEGTokenizer
2026-03-19 21:16:40,591 - __main__ - INFO - ============================================================
2026-03-19 21:16:40,591 - __main__ - INFO - 创建模型...
2026-03-19 21:16:40,591 - eegtokenizer_v2.tokenizers.adc - INFO - ADC Tokenizer 初始化完成
2026-03-19 21:16:40,591 - eegtokenizer_v2.tokenizers.adc - INFO -   window_length: 250, step_length: 125
2026-03-19 21:16:40,591 - eegtokenizer_v2.tokenizers.adc - INFO -   num_bits: 4 (16 级)
2026-03-19 21:16:40,591 - eegtokenizer_v2.tokenizers.adc - INFO -   quant_type: scalar, agg_type: mean
2026-03-19 21:16:40,591 - eegtokenizer_v2.tokenizers.adc - INFO -   d_model: 24
2026-03-19 21:16:40,596 - eegtokenizer_v2.models.classifier - INFO - EEGClassifier 初始化完成
2026-03-19 21:16:40,596 - eegtokenizer_v2.models.classifier - INFO -   num_classes: 4
2026-03-19 21:16:40,596 - eegtokenizer_v2.models.classifier - INFO -   nhead: 8, num_layers: 2
2026-03-19 21:16:40,596 - eegtokenizer_v2.models.classifier - INFO -   dropout: 0.1
2026-03-19 21:16:40,596 - __main__ - INFO - 模型: ADC + ADCTokenizer
2026-03-19 21:16:40,596 - __main__ - INFO - 加载数据...
2026-03-19 21:16:40,596 - eegtokenizer_v2.data.loader - INFO - EEGDataLoader 初始化
2026-03-19 21:16:40,596 - eegtokenizer_v2.data.loader - INFO -   data_dir: /home/zengkai/model_compare/data/BNCI2014_001
2026-03-19 21:16:40,596 - eegtokenizer_v2.data.loader - INFO -   subject_id: A01
2026-03-19 21:16:40,596 - eegtokenizer_v2.data.loader - INFO -   sessions: train
2026-03-19 21:16:40,596 - eegtokenizer_v2.data.loader - INFO -   win_sel: (0.0, 4.0)
2026-03-19 21:16:40,596 - eegtokenizer_v2.data.loader - INFO - 加载训练集: /home/zengkai/model_compare/data/BNCI2014_001/A01T.gdf
2026-03-19 21:16:42,637 - eegtokenizer_v2.data.loader - INFO - 数据集加载完成
2026-03-19 21:16:42,637 - eegtokenizer_v2.data.loader - INFO -   被试: A01
2026-03-19 21:16:42,637 - eegtokenizer_v2.data.loader - INFO -   会话: train
2026-03-19 21:16:42,637 - eegtokenizer_v2.data.loader - INFO -   形状: (288, 22, 1001)
2026-03-19 21:16:42,637 - eegtokenizer_v2.data.loader - INFO -   标签形状: (288,)
2026-03-19 21:16:42,639 - eegtokenizer_v2.data.loader - INFO - 数据加载完成
2026-03-19 21:16:42,639 - eegtokenizer_v2.data.loader - INFO -   训练集: 201 样本
2026-03-19 21:16:42,639 - eegtokenizer_v2.data.loader - INFO -   验证集: 43 样本
2026-03-19 21:16:42,639 - eegtokenizer_v2.data.loader - INFO -   测试集: 44 样本
2026-03-19 21:16:42,639 - __main__ - INFO - 创建训练器...
2026-03-19 21:16:42,834 - __main__ - ERROR - ❌ 训练失败: CUDA error: out of memory
CUDA kernel errors might be asynchronously reported at some other API call, so the stacktrace below might be incorrect.
For debugging consider passing CUDA_LAUNCH_BLOCKING=1
Compile with `TORCH_USE_CUDA_DSA` to enable device-side assertions.

2026-03-19 21:16:42,837 - __main__ - ERROR - Traceback (most recent call last):
  File "/home/zengkai/EEGTokenizer/train.py", line 191, in main
    trainer = Trainer(model, config, device)
              ^^^^^^^^^^^^^^^^^^^^^^^^^^^^^^
  File "/home/zengkai/EEGTokenizer/eegtokenizer_v2/training/trainer.py", line 38, in __init__
    self.model = model.to(device)
                 ^^^^^^^^^^^^^^^^
  File "/home/zengkai/conda/envs/mamba_cuda121/lib/python3.11/site-packages/torch/nn/modules/module.py", line 1340, in to
    return self._apply(convert)
           ^^^^^^^^^^^^^^^^^^^^
  File "/home/zengkai/conda/envs/mamba_cuda121/lib/python3.11/site-packages/torch/nn/modules/module.py", line 900, in _apply
    module._apply(fn)
  File "/home/zengkai/conda/envs/mamba_cuda121/lib/python3.11/site-packages/torch/nn/modules/module.py", line 900, in _apply
    module._apply(fn)
  File "/home/zengkai/conda/envs/mamba_cuda121/lib/python3.11/site-packages/torch/nn/modules/module.py", line 900, in _apply
    module._apply(fn)
  [Previous line repeated 2 more times]
  File "/home/zengkai/conda/envs/mamba_cuda121/lib/python3.11/site-packages/torch/nn/modules/module.py", line 927, in _apply
    param_applied = fn(param)
                    ^^^^^^^^^
  File "/home/zengkai/conda/envs/mamba_cuda121/lib/python3.11/site-packages/torch/nn/modules/module.py", line 1326, in convert
    return t.to(
           ^^^^^
RuntimeError: CUDA error: out of memory
CUDA kernel errors might be asynchronously reported at some other API call, so the stacktrace below might be incorrect.
For debugging consider passing CUDA_LAUNCH_BLOCKING=1
Compile with `TORCH_USE_CUDA_DSA` to enable device-side assertions.


