2026-03-20 00:26:11,070 - __main__ - INFO - 日志文件: /home/zengkai/EEGTokenizer/eegtokenizer_v2/logs/train_latest.log
2026-03-20 00:26:11,071 - __main__ - INFO - 训练开始时间: 2026-03-20 00:26:11
2026-03-20 00:26:11,071 - __main__ - INFO - ============================================================
2026-03-20 00:26:11,071 - __main__ - INFO - EEGTokenizer 训练开始
2026-03-20 00:26:11,071 - __main__ - INFO - ============================================================
2026-03-20 00:26:11,071 - __main__ - INFO - 配置文件: eegtokenizer_v2/configs/experiments.yaml::adc_4bit
2026-03-20 00:26:11,071 - __main__ - INFO - GPU: cuda:1
2026-03-20 00:26:11,071 - __main__ - INFO - 调试模式: False
2026-03-20 00:26:11,071 - __main__ - INFO - 项目根目录: /home/zengkai/EEGTokenizer
2026-03-20 00:26:11,071 - __main__ - INFO - ============================================================
2026-03-20 00:26:11,071 - __main__ - INFO - 创建模型...
2026-03-20 00:26:11,071 - eegtokenizer_v2.tokenizers.adc - INFO - ADC Tokenizer 初始化完成
2026-03-20 00:26:11,071 - eegtokenizer_v2.tokenizers.adc - INFO -   window_length: 250, step_length: 125
2026-03-20 00:26:11,071 - eegtokenizer_v2.tokenizers.adc - INFO -   num_bits: 4 (16 级)
2026-03-20 00:26:11,071 - eegtokenizer_v2.tokenizers.adc - INFO -   quant_type: scalar, agg_type: mean
2026-03-20 00:26:11,071 - eegtokenizer_v2.tokenizers.adc - INFO -   d_model: 24
2026-03-20 00:26:11,076 - eegtokenizer_v2.models.classifier - INFO - EEGClassifier 初始化完成
2026-03-20 00:26:11,076 - eegtokenizer_v2.models.classifier - INFO -   num_classes: 4
2026-03-20 00:26:11,076 - eegtokenizer_v2.models.classifier - INFO -   nhead: 8, num_layers: 2
2026-03-20 00:26:11,076 - eegtokenizer_v2.models.classifier - INFO -   dropout: 0.1
2026-03-20 00:26:11,076 - __main__ - INFO - 模型: ADC + ADCTokenizer
2026-03-20 00:26:11,077 - __main__ - INFO - 加载数据...
2026-03-20 00:26:11,077 - eegtokenizer_v2.data.loader - INFO - EEGDataLoader 初始化
2026-03-20 00:26:11,077 - eegtokenizer_v2.data.loader - INFO -   data_dir: /home/zengkai/model_compare/data/BNCI2014_001
2026-03-20 00:26:11,077 - eegtokenizer_v2.data.loader - INFO -   subject_id: A01
2026-03-20 00:26:11,077 - eegtokenizer_v2.data.loader - INFO -   sessions: train
2026-03-20 00:26:11,077 - eegtokenizer_v2.data.loader - INFO -   win_sel: (0.0, 4.0)
2026-03-20 00:26:11,077 - eegtokenizer_v2.data.loader - INFO - 加载训练数据 (A01T.gdf)...
2026-03-20 00:26:11,077 - eegtokenizer_v2.data.loader - INFO - 加载训练集: /home/zengkai/model_compare/data/BNCI2014_001/A01T.gdf
2026-03-20 00:26:13,370 - eegtokenizer_v2.data.loader - INFO - 重采样: 1001 → 1000 个采样点
2026-03-20 00:26:13,575 - eegtokenizer_v2.data.loader - INFO - 数据集加载完成
2026-03-20 00:26:13,576 - eegtokenizer_v2.data.loader - INFO -   被试: A01
2026-03-20 00:26:13,576 - eegtokenizer_v2.data.loader - INFO -   会话: train
2026-03-20 00:26:13,576 - eegtokenizer_v2.data.loader - INFO -   形状: (288, 22, 1000)
2026-03-20 00:26:13,576 - eegtokenizer_v2.data.loader - INFO -   标签形状: (288,)
2026-03-20 00:26:13,576 - eegtokenizer_v2.data.loader - INFO - 加载测试数据 (A01E.gdf)...
2026-03-20 00:26:13,576 - eegtokenizer_v2.data.loader - INFO - 加载测试集: /home/zengkai/model_compare/data/BNCI2014_001/A01E.gdf
2026-03-20 00:26:15,000 - eegtokenizer_v2.data.loader - INFO - 加载测试集标签: /home/zengkai/model_compare/data/BNCI2014_001/Data sets 2a_true_labels/A01E.mat
2026-03-20 00:26:15,155 - eegtokenizer_v2.data.loader - INFO - 重采样: 1001 → 1000 个采样点
2026-03-20 00:26:15,371 - eegtokenizer_v2.data.loader - INFO - 数据集加载完成
2026-03-20 00:26:15,371 - eegtokenizer_v2.data.loader - INFO -   被试: A01
2026-03-20 00:26:15,371 - eegtokenizer_v2.data.loader - INFO -   会话: test
2026-03-20 00:26:15,371 - eegtokenizer_v2.data.loader - INFO -   形状: (288, 22, 1000)
2026-03-20 00:26:15,371 - eegtokenizer_v2.data.loader - INFO -   标签形状: (288,)
2026-03-20 00:26:15,371 - eegtokenizer_v2.data.loader - INFO - 数据集划分:
2026-03-20 00:26:15,371 - eegtokenizer_v2.data.loader - INFO -   训练+验证集 (A01T): 288 样本
2026-03-20 00:26:15,371 - eegtokenizer_v2.data.loader - INFO -   测试集 (A01E): 288 样本
2026-03-20 00:26:15,372 - eegtokenizer_v2.data.loader - INFO -   训练集: 201 (70.0%)
2026-03-20 00:26:15,372 - eegtokenizer_v2.data.loader - INFO -   验证集: 87 (30.000000000000004%)
2026-03-20 00:26:15,373 - eegtokenizer_v2.data.loader - INFO - 数据加载完成
2026-03-20 00:26:15,373 - eegtokenizer_v2.data.loader - INFO -   训练集: 201 样本
2026-03-20 00:26:15,373 - eegtokenizer_v2.data.loader - INFO -   验证集: 87 样本
2026-03-20 00:26:15,373 - eegtokenizer_v2.data.loader - INFO -   测试集: 288 样本
2026-03-20 00:26:15,374 - __main__ - INFO - 创建训练器...
2026-03-20 00:26:16,750 - eegtokenizer_v2.training.trainer - INFO - Trainer 初始化完成
2026-03-20 00:26:16,750 - eegtokenizer_v2.training.trainer - INFO -   device: cuda:1
2026-03-20 00:26:16,750 - eegtokenizer_v2.training.trainer - INFO -   save_dir: checkpoints
2026-03-20 00:26:16,750 - __main__ - INFO - 开始训练...
2026-03-20 00:26:16,750 - eegtokenizer_v2.training.trainer - INFO - 开始训练，共 100 个 epoch
2026-03-20 00:26:17,749 - eegtokenizer_v2.training.trainer - INFO - 验证集信息:
2026-03-20 00:26:17,750 - eegtokenizer_v2.training.trainer - INFO -   批次数: 3
2026-03-20 00:26:17,750 - eegtokenizer_v2.training.trainer - INFO -   样本数: 87
2026-03-20 00:26:17,878 - eegtokenizer_v2.training.trainer - INFO - Epoch 0/100 - Train Loss: 1.4524, Acc: 0.2687 | Val Loss: 1.3396, Acc: 0.3678
2026-03-20 00:26:17,878 - eegtokenizer_v2.training.trainer - INFO -   ✓ 最佳模型: epoch 0, val_acc: 0.3678
2026-03-20 00:26:18,037 - eegtokenizer_v2.training.trainer - INFO - Epoch 1/100 - Train Loss: 1.3803, Acc: 0.2786 | Val Loss: 1.3257, Acc: 0.3908
2026-03-20 00:26:18,037 - eegtokenizer_v2.training.trainer - INFO -   ✓ 最佳模型: epoch 1, val_acc: 0.3908
2026-03-20 00:26:18,193 - eegtokenizer_v2.training.trainer - INFO - Epoch 2/100 - Train Loss: 1.3521, Acc: 0.3035 | Val Loss: 1.3237, Acc: 0.4023
2026-03-20 00:26:18,193 - eegtokenizer_v2.training.trainer - INFO -   ✓ 最佳模型: epoch 2, val_acc: 0.4023
2026-03-20 00:26:18,514 - eegtokenizer_v2.training.trainer - INFO - Epoch 4/100 - Train Loss: 1.3160, Acc: 0.3433 | Val Loss: 1.3030, Acc: 0.4483
2026-03-20 00:26:18,514 - eegtokenizer_v2.training.trainer - INFO -   ✓ 最佳模型: epoch 4, val_acc: 0.4483
2026-03-20 00:26:19,399 - eegtokenizer_v2.training.trainer - INFO - 验证集信息:
2026-03-20 00:26:19,399 - eegtokenizer_v2.training.trainer - INFO -   批次数: 3
2026-03-20 00:26:19,399 - eegtokenizer_v2.training.trainer - INFO -   样本数: 87
2026-03-20 00:26:19,430 - eegtokenizer_v2.training.trainer - INFO - Epoch 10/100 - Train Loss: 1.2288, Acc: 0.4229 | Val Loss: 1.2934, Acc: 0.3908
2026-03-20 00:26:20,689 - eegtokenizer_v2.training.trainer - INFO - Epoch 18/100 - Train Loss: 1.1197, Acc: 0.5174 | Val Loss: 1.2689, Acc: 0.4598
2026-03-20 00:26:20,689 - eegtokenizer_v2.training.trainer - INFO -   ✓ 最佳模型: epoch 18, val_acc: 0.4598
2026-03-20 00:26:20,874 - eegtokenizer_v2.training.trainer - INFO - Epoch 19/100 - Train Loss: 1.1168, Acc: 0.5473 | Val Loss: 1.2692, Acc: 0.4713
2026-03-20 00:26:20,874 - eegtokenizer_v2.training.trainer - INFO -   ✓ 最佳模型: epoch 19, val_acc: 0.4713
2026-03-20 00:26:20,994 - eegtokenizer_v2.training.trainer - INFO - 验证集信息:
2026-03-20 00:26:20,994 - eegtokenizer_v2.training.trainer - INFO -   批次数: 3
2026-03-20 00:26:20,994 - eegtokenizer_v2.training.trainer - INFO -   样本数: 87
2026-03-20 00:26:21,042 - eegtokenizer_v2.training.trainer - INFO - Epoch 20/100 - Train Loss: 1.0905, Acc: 0.5572 | Val Loss: 1.2710, Acc: 0.5057
2026-03-20 00:26:21,042 - eegtokenizer_v2.training.trainer - INFO -   ✓ 最佳模型: epoch 20, val_acc: 0.5057
2026-03-20 00:26:22,458 - eegtokenizer_v2.training.trainer - INFO - 验证集信息:
2026-03-20 00:26:22,458 - eegtokenizer_v2.training.trainer - INFO -   批次数: 3
2026-03-20 00:26:22,458 - eegtokenizer_v2.training.trainer - INFO -   样本数: 87
2026-03-20 00:26:22,493 - eegtokenizer_v2.training.trainer - INFO - Epoch 30/100 - Train Loss: 0.9782, Acc: 0.6318 | Val Loss: 1.2867, Acc: 0.4368
2026-03-20 00:26:24,043 - eegtokenizer_v2.training.trainer - INFO - 验证集信息:
2026-03-20 00:26:24,043 - eegtokenizer_v2.training.trainer - INFO -   批次数: 3
2026-03-20 00:26:24,043 - eegtokenizer_v2.training.trainer - INFO -   样本数: 87
2026-03-20 00:26:24,076 - eegtokenizer_v2.training.trainer - INFO - Epoch 40/100 - Train Loss: 0.9067, Acc: 0.6617 | Val Loss: 1.2979, Acc: 0.4023
2026-03-20 00:26:25,681 - eegtokenizer_v2.training.trainer - INFO - 验证集信息:
2026-03-20 00:26:25,681 - eegtokenizer_v2.training.trainer - INFO -   批次数: 3
2026-03-20 00:26:25,681 - eegtokenizer_v2.training.trainer - INFO -   样本数: 87
2026-03-20 00:26:25,714 - eegtokenizer_v2.training.trainer - INFO - Epoch 50/100 - Train Loss: 0.8945, Acc: 0.6816 | Val Loss: 1.2991, Acc: 0.4138
2026-03-20 00:26:27,355 - eegtokenizer_v2.training.trainer - INFO - 验证集信息:
2026-03-20 00:26:27,355 - eegtokenizer_v2.training.trainer - INFO -   批次数: 3
2026-03-20 00:26:27,355 - eegtokenizer_v2.training.trainer - INFO -   样本数: 87
2026-03-20 00:26:27,396 - eegtokenizer_v2.training.trainer - INFO - Epoch 60/100 - Train Loss: 0.8811, Acc: 0.6617 | Val Loss: 1.3006, Acc: 0.4138
2026-03-20 00:26:28,969 - eegtokenizer_v2.training.trainer - INFO - 验证集信息:
2026-03-20 00:26:28,969 - eegtokenizer_v2.training.trainer - INFO -   批次数: 3
2026-03-20 00:26:28,969 - eegtokenizer_v2.training.trainer - INFO -   样本数: 87
2026-03-20 00:26:29,009 - eegtokenizer_v2.training.trainer - INFO - Epoch 70/100 - Train Loss: 0.8282, Acc: 0.7015 | Val Loss: 1.3187, Acc: 0.4253
2026-03-20 00:26:30,595 - eegtokenizer_v2.training.trainer - INFO - 验证集信息:
2026-03-20 00:26:30,595 - eegtokenizer_v2.training.trainer - INFO -   批次数: 3
2026-03-20 00:26:30,595 - eegtokenizer_v2.training.trainer - INFO -   样本数: 87
2026-03-20 00:26:30,625 - eegtokenizer_v2.training.trainer - INFO - Epoch 80/100 - Train Loss: 0.7135, Acc: 0.7662 | Val Loss: 1.4134, Acc: 0.4023
2026-03-20 00:26:32,260 - eegtokenizer_v2.training.trainer - INFO - 验证集信息:
2026-03-20 00:26:32,260 - eegtokenizer_v2.training.trainer - INFO -   批次数: 3
2026-03-20 00:26:32,260 - eegtokenizer_v2.training.trainer - INFO -   样本数: 87
2026-03-20 00:26:32,291 - eegtokenizer_v2.training.trainer - INFO - Epoch 90/100 - Train Loss: 0.4295, Acc: 0.8657 | Val Loss: 1.6099, Acc: 0.3793
2026-03-20 00:26:33,691 - eegtokenizer_v2.training.trainer - INFO - Epoch 99/100 - Train Loss: 0.2267, Acc: 0.9502 | Val Loss: 2.0600, Acc: 0.3218
2026-03-20 00:26:33,695 - eegtokenizer_v2.training.trainer - INFO - 训练历史已保存: /home/zengkai/EEGTokenizer/eegtokenizer_v2/logs/training_history_20260320_002633.json
2026-03-20 00:26:33,696 - eegtokenizer_v2.training.trainer - INFO - 训练完成！最佳验证准确率: 0.5057
2026-03-20 00:26:33,696 - __main__ - INFO - ============================================================
2026-03-20 00:26:33,696 - __main__ - INFO - ✅ 训练完成！
2026-03-20 00:26:33,696 - __main__ - INFO - 最佳验证准确率: 0.5057
2026-03-20 00:26:33,696 - __main__ - INFO - 检查点保存位置: checkpoints
2026-03-20 00:26:33,696 - __main__ - INFO - ============================================================
2026-03-20 00:26:33,696 - __main__ - INFO - 自动推送训练结果到 GitHub...
2026-03-20 00:26:33,702 - __main__ - WARNING - 自动推送失败: Command '['git', 'add', 'eegtokenizer_v2/logs/']' returned non-zero exit status 1.
2026-03-20 00:26:33,702 - __main__ - WARNING - 请手动推送: git push origin main
