2026-03-19 21:04:29,191 - __main__ - INFO - 日志文件: /home/zengkai/EEGTokenizer/eegtokenizer_v2/logs/train_20260319_210429.log
2026-03-19 21:04:29,191 - __main__ - INFO - ============================================================
2026-03-19 21:04:29,191 - __main__ - INFO - EEGTokenizer 训练开始
2026-03-19 21:04:29,191 - __main__ - INFO - ============================================================
2026-03-19 21:04:29,191 - __main__ - INFO - 配置文件: eegtokenizer_v2/configs/experiments.yaml::adc_4bit
2026-03-19 21:04:29,191 - __main__ - INFO - GPU: cuda:0
2026-03-19 21:04:29,191 - __main__ - INFO - 调试模式: False
2026-03-19 21:04:29,191 - __main__ - INFO - 项目根目录: /home/zengkai/EEGTokenizer
2026-03-19 21:04:29,191 - __main__ - INFO - ============================================================
2026-03-19 21:04:29,191 - __main__ - INFO - 创建模型...
2026-03-19 21:04:29,191 - eegtokenizer_v2.tokenizers.adc - INFO - ADC Tokenizer 初始化完成
2026-03-19 21:04:29,191 - eegtokenizer_v2.tokenizers.adc - INFO -   window_length: 250, step_length: 125
2026-03-19 21:04:29,192 - eegtokenizer_v2.tokenizers.adc - INFO -   num_bits: 4 (16 级)
2026-03-19 21:04:29,192 - eegtokenizer_v2.tokenizers.adc - INFO -   quant_type: scalar, agg_type: mean
2026-03-19 21:04:29,192 - eegtokenizer_v2.tokenizers.adc - INFO -   d_model: 24
2026-03-19 21:04:29,198 - eegtokenizer_v2.models.classifier - INFO - EEGClassifier 初始化完成
2026-03-19 21:04:29,198 - eegtokenizer_v2.models.classifier - INFO -   num_classes: 4
2026-03-19 21:04:29,198 - eegtokenizer_v2.models.classifier - INFO -   nhead: 8, num_layers: 2
2026-03-19 21:04:29,198 - eegtokenizer_v2.models.classifier - INFO -   dropout: 0.1
2026-03-19 21:04:29,198 - __main__ - INFO - 模型: ADC + ADCTokenizer
2026-03-19 21:04:29,198 - __main__ - INFO - 加载数据...
2026-03-19 21:04:29,198 - eegtokenizer_v2.data.loader - INFO - EEGDataLoader 初始化
2026-03-19 21:04:29,198 - eegtokenizer_v2.data.loader - INFO -   data_dir: /home/zengkai/model_compare/data/BNCI2014_001
2026-03-19 21:04:29,198 - eegtokenizer_v2.data.loader - INFO -   subject: A01
2026-03-19 21:04:29,198 - eegtokenizer_v2.data.loader - INFO -   sessions: train
2026-03-19 21:04:29,198 - eegtokenizer_v2.data.loader - INFO -   win_sel: (0.0, 4.0)
2026-03-19 21:04:29,198 - eegtokenizer_v2.data.loader - INFO - 加载训练集: /home/zengkai/model_compare/data/BNCI2014_001/A001T.gdf
2026-03-19 21:04:29,847 - __main__ - ERROR - ❌ 训练失败: File does not exist: "/home/zengkai/model_compare/data/BNCI2014_001/A001T.gdf"
2026-03-19 21:04:29,849 - __main__ - ERROR - Traceback (most recent call last):
  File "/home/zengkai/EEGTokenizer/train.py", line 182, in main
    train_loader, val_loader, test_loader = data_loader.load_data(
                                            ^^^^^^^^^^^^^^^^^^^^^^
  File "/home/zengkai/EEGTokenizer/eegtokenizer_v2/data/loader.py", line 270, in load_data
    full_dataset = BCIDataset(
                   ^^^^^^^^^^^
  File "/home/zengkai/EEGTokenizer/eegtokenizer_v2/data/loader.py", line 65, in __init__
    self.data = self._load_data()
                ^^^^^^^^^^^^^^^^^
  File "/home/zengkai/EEGTokenizer/eegtokenizer_v2/data/loader.py", line 83, in _load_data
    raw_data = mne.io.read_raw_gdf(file_to_load, preload=True, verbose=False)
               ^^^^^^^^^^^^^^^^^^^^^^^^^^^^^^^^^^^^^^^^^^^^^^^^^^^^^^^^^^^^^^
  File "/home/zengkai/conda/envs/mamba_cuda121/lib/python3.11/site-packages/mne/io/edf/edf.py", line 2225, in read_raw_gdf
    _check_args(input_fname, preload, "gdf")
  File "/home/zengkai/conda/envs/mamba_cuda121/lib/python3.11/site-packages/mne/io/edf/edf.py", line 1876, in _check_args
    input_fname = _check_fname(fname=input_fname, overwrite="read", must_exist=True)
                  ^^^^^^^^^^^^^^^^^^^^^^^^^^^^^^^^^^^^^^^^^^^^^^^^^^^^^^^^^^^^^^^^^^
  File "<decorator-gen-0>", line 12, in _check_fname
  File "/home/zengkai/conda/envs/mamba_cuda121/lib/python3.11/site-packages/mne/utils/check.py", line 302, in _check_fname
    raise FileNotFoundError(f'{name} does not exist: "{fname}"')
FileNotFoundError: File does not exist: "/home/zengkai/model_compare/data/BNCI2014_001/A001T.gdf"

